<?xml version="1.0" encoding="UTF-8"?>
<testng-results ignored="0" total="1" passed="1" failed="0" skipped="0">
  <reporter-output>
  </reporter-output>
  <suite started-at="2021-03-16T19:54:15 CDT" name="Default suite" finished-at="2021-03-16T19:54:19 CDT" duration-ms="4241">
    <groups>
    </groups>
    <test started-at="2021-03-16T19:54:15 CDT" name="Default test" finished-at="2021-03-16T19:54:19 CDT" duration-ms="4241">
      <class name="Pojo3.AddplaceUsingPojo">
        <test-method signature="AddPlace()[pri:0, instance:Pojo3.AddplaceUsingPojo@41fecb8b]" started-at="2021-03-16T19:54:15 CDT" name="AddPlace" finished-at="2021-03-16T19:54:19 CDT" duration-ms="4194" status="PASS">
          <reporter-output>
          </reporter-output>
        </test-method> <!-- AddPlace -->
      </class> <!-- Pojo3.AddplaceUsingPojo -->
    </test> <!-- Default test -->
  </suite> <!-- Default suite -->
</testng-results>
